C:\REPOS\BUFFERS\DEBUGFORDLL\RELEASE\APP.RES
C:\REPOS\BUFFERS\DEBUGFORDLL\RELEASE\ASSEMBLYINFO.OBJ
C:\repos\Buffers\DebugForDLL\Release\cl.command.1.tlog
C:\repos\Buffers\DebugForDLL\Release\CL.read.1.tlog
C:\repos\Buffers\DebugForDLL\Release\CL.write.1.tlog
C:\REPOS\BUFFERS\DEBUGFORDLL\RELEASE\DEBUGFORDLL.EXE.INTERMEDIATE.MANIFEST
C:\REPOS\BUFFERS\DEBUGFORDLL\RELEASE\DEBUGFORDLL.FORM1.RESOURCES
C:\REPOS\BUFFERS\DEBUGFORDLL\RELEASE\DEBUGFORDLL.OBJ
C:\REPOS\BUFFERS\DEBUGFORDLL\RELEASE\DEBUGFORDLL.PCH
C:\repos\Buffers\DebugForDLL\Release\DebugForDLL.write.1.tlog
C:\repos\Buffers\DebugForDLL\Release\GenerateResource-ResGen.read.1.tlog
C:\repos\Buffers\DebugForDLL\Release\GenerateResource-ResGen.write.1.tlog
C:\repos\Buffers\DebugForDLL\Release\link.command.1.tlog
C:\repos\Buffers\DebugForDLL\Release\link.read.1.tlog
C:\repos\Buffers\DebugForDLL\Release\link.write.1.tlog
C:\repos\Buffers\DebugForDLL\Release\link-cvtres.read.1.tlog
C:\repos\Buffers\DebugForDLL\Release\link-cvtres.write.1.tlog
C:\repos\Buffers\DebugForDLL\Release\mt.command.1.tlog
C:\repos\Buffers\DebugForDLL\Release\mt.read.1.tlog
C:\repos\Buffers\DebugForDLL\Release\mt.write.1.tlog
C:\repos\Buffers\DebugForDLL\Release\rc.command.1.tlog
C:\repos\Buffers\DebugForDLL\Release\rc.read.1.tlog
C:\repos\Buffers\DebugForDLL\Release\rc.write.1.tlog
C:\REPOS\BUFFERS\DEBUGFORDLL\RELEASE\STDAFX.OBJ
C:\REPOS\BUFFERS\DEBUGFORDLL\RELEASE\VC100.PDB
C:\REPOS\BUFFERS\RELEASE\DEBUGFORDLL.EXE
C:\REPOS\BUFFERS\RELEASE\DEBUGFORDLL.PDB
