C:\REPOS\BUFFERS\BUFFERS\RELEASE\BUFFERS.DLL.INTERMEDIATE.MANIFEST
C:\REPOS\BUFFERS\BUFFERS\RELEASE\BUFFERS.OBJ
C:\REPOS\BUFFERS\BUFFERS\RELEASE\BUFFERS.PCH
C:\repos\Buffers\Buffers\Release\Buffers.write.1.tlog
C:\repos\Buffers\Buffers\Release\cl.command.1.tlog
C:\repos\Buffers\Buffers\Release\CL.read.1.tlog
C:\repos\Buffers\Buffers\Release\CL.write.1.tlog
C:\REPOS\BUFFERS\BUFFERS\RELEASE\DLLMAIN.OBJ
C:\repos\Buffers\Buffers\Release\link.command.1.tlog
C:\repos\Buffers\Buffers\Release\link.read.1.tlog
C:\repos\Buffers\Buffers\Release\link.write.1.tlog
C:\repos\Buffers\Buffers\Release\mt.command.1.tlog
C:\repos\Buffers\Buffers\Release\mt.read.1.tlog
C:\repos\Buffers\Buffers\Release\mt.write.1.tlog
C:\REPOS\BUFFERS\BUFFERS\RELEASE\STDAFX.OBJ
C:\REPOS\BUFFERS\BUFFERS\RELEASE\VC100.PDB
C:\REPOS\BUFFERS\RELEASE\BUFFERS.DLL
C:\repos\Buffers\Release\Buffers.exp
C:\repos\Buffers\Release\Buffers.lib
C:\REPOS\BUFFERS\RELEASE\BUFFERS.PDB
