C:\REPOS\BUFFERS\DEBUG\DEBUGFORDLL.EXE
C:\REPOS\BUFFERS\DEBUG\DEBUGFORDLL.ILK
C:\REPOS\BUFFERS\DEBUG\DEBUGFORDLL.PDB
C:\REPOS\BUFFERS\DEBUGFORDLL\DEBUG\APP.RES
C:\REPOS\BUFFERS\DEBUGFORDLL\DEBUG\ASSEMBLYINFO.OBJ
C:\repos\Buffers\DebugForDLL\Debug\cl.command.1.tlog
C:\repos\Buffers\DebugForDLL\Debug\CL.read.1.tlog
C:\repos\Buffers\DebugForDLL\Debug\CL.write.1.tlog
C:\REPOS\BUFFERS\DEBUGFORDLL\DEBUG\DEBUGFORDLL.EXE.INTERMEDIATE.MANIFEST
C:\REPOS\BUFFERS\DEBUGFORDLL\DEBUG\DEBUGFORDLL.FORM1.RESOURCES
C:\REPOS\BUFFERS\DEBUGFORDLL\DEBUG\DEBUGFORDLL.OBJ
C:\REPOS\BUFFERS\DEBUGFORDLL\DEBUG\DEBUGFORDLL.PCH
C:\repos\Buffers\DebugForDLL\Debug\DebugForDLL.write.1.tlog
C:\repos\Buffers\DebugForDLL\Debug\GenerateResource-ResGen.read.1.tlog
C:\repos\Buffers\DebugForDLL\Debug\GenerateResource-ResGen.write.1.tlog
C:\repos\Buffers\DebugForDLL\Debug\link.6112.read.1.tlog
C:\repos\Buffers\DebugForDLL\Debug\link.6112.write.1.tlog
C:\repos\Buffers\DebugForDLL\Debug\link.6112-cvtres.read.1.tlog
C:\repos\Buffers\DebugForDLL\Debug\link.6112-cvtres.write.1.tlog
C:\repos\Buffers\DebugForDLL\Debug\link.command.1.tlog
C:\repos\Buffers\DebugForDLL\Debug\link.read.1.tlog
C:\repos\Buffers\DebugForDLL\Debug\link.write.1.tlog
C:\repos\Buffers\DebugForDLL\Debug\mt.command.1.tlog
C:\repos\Buffers\DebugForDLL\Debug\mt.read.1.tlog
C:\repos\Buffers\DebugForDLL\Debug\mt.write.1.tlog
C:\repos\Buffers\DebugForDLL\Debug\rc.command.1.tlog
C:\repos\Buffers\DebugForDLL\Debug\rc.read.1.tlog
C:\repos\Buffers\DebugForDLL\Debug\rc.write.1.tlog
C:\REPOS\BUFFERS\DEBUGFORDLL\DEBUG\STDAFX.OBJ
C:\REPOS\BUFFERS\DEBUGFORDLL\DEBUG\VC100.PDB
