C:\REPOS\BUFFERS\BUFFERS\DEBUG\BUFFERS.DLL.EMBED.MANIFEST
C:\REPOS\BUFFERS\BUFFERS\DEBUG\BUFFERS.DLL.EMBED.MANIFEST.RES
C:\REPOS\BUFFERS\BUFFERS\DEBUG\BUFFERS.DLL.INTERMEDIATE.MANIFEST
C:\REPOS\BUFFERS\BUFFERS\DEBUG\BUFFERS.OBJ
C:\REPOS\BUFFERS\BUFFERS\DEBUG\BUFFERS.PCH
C:\repos\Buffers\Buffers\Debug\Buffers.write.1.tlog
C:\repos\Buffers\Buffers\Debug\Buffers_manifest.rc
C:\repos\Buffers\Buffers\Debug\cl.command.1.tlog
C:\repos\Buffers\Buffers\Debug\CL.read.1.tlog
C:\repos\Buffers\Buffers\Debug\CL.write.1.tlog
C:\REPOS\BUFFERS\BUFFERS\DEBUG\DLLMAIN.OBJ
C:\repos\Buffers\Buffers\Debug\link.5216.read.1.tlog
C:\repos\Buffers\Buffers\Debug\link.5216.write.1.tlog
C:\repos\Buffers\Buffers\Debug\link.5216-cvtres.read.1.tlog
C:\repos\Buffers\Buffers\Debug\link.5216-cvtres.write.1.tlog
C:\repos\Buffers\Buffers\Debug\link.command.1.tlog
C:\repos\Buffers\Buffers\Debug\link.read.1.tlog
C:\repos\Buffers\Buffers\Debug\link.write.1.tlog
C:\repos\Buffers\Buffers\Debug\link-cvtres.read.1.tlog
C:\repos\Buffers\Buffers\Debug\link-cvtres.write.1.tlog
C:\repos\Buffers\Buffers\Debug\mt.command.1.tlog
C:\repos\Buffers\Buffers\Debug\mt.read.1.tlog
C:\repos\Buffers\Buffers\Debug\mt.write.1.tlog
C:\repos\Buffers\Buffers\Debug\rc.command.1.tlog
C:\repos\Buffers\Buffers\Debug\rc.read.1.tlog
C:\repos\Buffers\Buffers\Debug\rc.write.1.tlog
C:\REPOS\BUFFERS\BUFFERS\DEBUG\STDAFX.OBJ
C:\repos\Buffers\Buffers\Debug\vc100.idb
C:\REPOS\BUFFERS\BUFFERS\DEBUG\VC100.PDB
C:\REPOS\BUFFERS\DEBUG\BUFFERS.DLL
C:\repos\Buffers\Debug\Buffers.exp
C:\REPOS\BUFFERS\DEBUG\BUFFERS.ILK
C:\repos\Buffers\Debug\Buffers.lib
C:\REPOS\BUFFERS\DEBUG\BUFFERS.PDB
