C:\Users\xback\Documents\Visual Studio 2010\Projects\Buffers\Buffers\Debug\cl.command.1.tlog
C:\Users\xback\Documents\Visual Studio 2010\Projects\Buffers\Buffers\Debug\CL.read.1.tlog
C:\Users\xback\Documents\Visual Studio 2010\Projects\Buffers\Buffers\Debug\CL.write.1.tlog
C:\USERS\XBACK\DOCUMENTS\VISUAL STUDIO 2010\PROJECTS\BUFFERS\BUFFERS\DEBUG\DLLMAIN.OBJ
C:\Users\xback\Documents\Visual Studio 2010\Projects\Buffers\Buffers\Debug\link.704.read.1.tlog
C:\Users\xback\Documents\Visual Studio 2010\Projects\Buffers\Buffers\Debug\link.704.write.1.tlog
C:\Users\xback\Documents\Visual Studio 2010\Projects\Buffers\Buffers\Debug\link.704-cvtres.read.1.tlog
C:\Users\xback\Documents\Visual Studio 2010\Projects\Buffers\Buffers\Debug\link.704-cvtres.write.1.tlog
C:\Users\xback\Documents\Visual Studio 2010\Projects\Buffers\Buffers\Debug\link.command.1.tlog
C:\Users\xback\Documents\Visual Studio 2010\Projects\Buffers\Buffers\Debug\link.read.1.tlog
C:\Users\xback\Documents\Visual Studio 2010\Projects\Buffers\Buffers\Debug\link.write.1.tlog
C:\Users\xback\Documents\Visual Studio 2010\Projects\Buffers\Buffers\Debug\link-cvtres.read.1.tlog
C:\Users\xback\Documents\Visual Studio 2010\Projects\Buffers\Buffers\Debug\link-cvtres.write.1.tlog
C:\Users\xback\Documents\Visual Studio 2010\Projects\Buffers\Buffers\Debug\mt.command.1.tlog
C:\Users\xback\Documents\Visual Studio 2010\Projects\Buffers\Buffers\Debug\mt.read.1.tlog
C:\Users\xback\Documents\Visual Studio 2010\Projects\Buffers\Buffers\Debug\mt.write.1.tlog
C:\Users\xback\Documents\Visual Studio 2010\Projects\Buffers\Buffers\Debug\rc.command.1.tlog
C:\Users\xback\Documents\Visual Studio 2010\Projects\Buffers\Buffers\Debug\rc.read.1.tlog
C:\Users\xback\Documents\Visual Studio 2010\Projects\Buffers\Buffers\Debug\rc.write.1.tlog
C:\USERS\XBACK\DOCUMENTS\VISUAL STUDIO 2010\PROJECTS\BUFFERS\BUFFERS\DEBUG\STDAFX.OBJ
C:\USERS\XBACK\DOCUMENTS\VISUAL STUDIO 2010\PROJECTS\BUFFERS\BUFFERS\DEBUG\ULTRAQUEUE.DLL.EMBED.MANIFEST
C:\USERS\XBACK\DOCUMENTS\VISUAL STUDIO 2010\PROJECTS\BUFFERS\BUFFERS\DEBUG\ULTRAQUEUE.DLL.EMBED.MANIFEST.RES
C:\USERS\XBACK\DOCUMENTS\VISUAL STUDIO 2010\PROJECTS\BUFFERS\BUFFERS\DEBUG\ULTRAQUEUE.DLL.INTERMEDIATE.MANIFEST
C:\USERS\XBACK\DOCUMENTS\VISUAL STUDIO 2010\PROJECTS\BUFFERS\BUFFERS\DEBUG\ULTRAQUEUE.OBJ
C:\USERS\XBACK\DOCUMENTS\VISUAL STUDIO 2010\PROJECTS\BUFFERS\BUFFERS\DEBUG\ULTRAQUEUE.PCH
C:\Users\xback\Documents\Visual Studio 2010\Projects\Buffers\Buffers\Debug\UltraQueue.write.1.tlog
C:\Users\xback\Documents\Visual Studio 2010\Projects\Buffers\Buffers\Debug\UltraQueue_manifest.rc
C:\Users\xback\Documents\Visual Studio 2010\Projects\Buffers\Buffers\Debug\vc100.idb
C:\USERS\XBACK\DOCUMENTS\VISUAL STUDIO 2010\PROJECTS\BUFFERS\BUFFERS\DEBUG\VC100.PDB
C:\USERS\XBACK\DOCUMENTS\VISUAL STUDIO 2010\PROJECTS\BUFFERS\DEBUG\ULTRAQUEUE.DLL
C:\Users\xback\Documents\Visual Studio 2010\Projects\Buffers\Debug\UltraQueue.exp
C:\USERS\XBACK\DOCUMENTS\VISUAL STUDIO 2010\PROJECTS\BUFFERS\DEBUG\ULTRAQUEUE.ILK
C:\Users\xback\Documents\Visual Studio 2010\Projects\Buffers\Debug\UltraQueue.lib
C:\USERS\XBACK\DOCUMENTS\VISUAL STUDIO 2010\PROJECTS\BUFFERS\DEBUG\ULTRAQUEUE.PDB
